0 info it worked if it ends with ok
1 verbose cli [ 'node', '/usr/local/bin/npm', 'publish' ]
2 info using npm@2.1.18
3 info using node@v0.10.35
4 verbose node symlink /usr/local/bin/node
5 verbose publish [ '.' ]
6 silly cache add args [ '.', null ]
7 verbose cache add spec .
8 silly cache add parsed spec { raw: '.',
8 silly cache add   scope: null,
8 silly cache add   name: null,
8 silly cache add   rawSpec: '.',
8 silly cache add   spec: '/Users/joseph/Documents/projects/hearthstone/pstracker',
8 silly cache add   type: 'directory' }
9 verbose addLocalDirectory /Users/joseph/.npm/pstracker/0.0.2/package.tgz not in flight; packing
10 verbose tar pack [ '/Users/joseph/.npm/pstracker/0.0.2/package.tgz',
10 verbose tar pack   '/Users/joseph/Documents/projects/hearthstone/pstracker' ]
11 verbose tarball /Users/joseph/.npm/pstracker/0.0.2/package.tgz
12 verbose folder /Users/joseph/Documents/projects/hearthstone/pstracker
13 info prepublish pstracker@0.0.2
14 verbose addLocalTarball adding from inside cache /Users/joseph/.npm/pstracker/0.0.2/package.tgz
15 silly cache afterAdd pstracker@0.0.2
16 verbose afterAdd /Users/joseph/.npm/pstracker/0.0.2/package/package.json not in flight; writing
17 verbose afterAdd /Users/joseph/.npm/pstracker/0.0.2/package/package.json written
18 silly publish { name: 'pstracker',
18 silly publish   version: '0.0.2',
18 silly publish   description: 'EventEmitter to track process start/stop by process title or pid.',
18 silly publish   main: 'index.js',
18 silly publish   repository:
18 silly publish    { type: 'git',
18 silly publish      url: 'https://github.com/fortruce/pstracker.git' },
18 silly publish   author: { name: 'fortruce' },
18 silly publish   license: 'ISC',
18 silly publish   bugs: { url: 'https://github.com/fortruce/pstracker/issues' },
18 silly publish   homepage: 'https://github.com/fortruce/pstracker',
18 silly publish   dependencies: { 'node-ps': '0.0.2' },
18 silly publish   keywords: [ 'track', 'ps', 'process', 'pid', 'spawn', 'kill' ],
18 silly publish   readme: '# PSTracker\n\nA Node.js module for tracking process spawning and killing.\n\nPSTracker emits `spawned` and `killed` events for a particular process tracked\nby either pid or command (as provided by [ps-node](https://www.npmjs.com/package/ps-node)).\n\n## Install\n\n```bash\n$ npm install pstracker\n```\n\n## Usage\n\nCreate a tracker for a particular process with a specified `pid`:\n\n```javascript\nvar psn = require(\'pstracker\');\n\nvar t = psn({ pid: 12345 });\n\n// registers listeners for \'spawned\' and \'killed\' events\nt.on(\'spawned\', function (proc) {\n  console.log(\'spawned:\', proc);\n});\nt.on(\'killed\', function (proc) {\n  console.log(\'killed:\', proc);\n});\n```\n\nOr use a RegExp to filter `command` and `arguments` to track a process(es):\n\n```javascript\nvar psn = require(\'pstracker\');\n\nvar t = psn({\n  command: \'node\',\n  arguments: \'--debug\'\n});\n\n// register listeners for \'spawned and \'killed\' events\n...\n```\n\n**Note: When multiple process match a filter, individual `spawned` and `killed`\nevents will be fired per process match.**',
18 silly publish   readmeFilename: 'README.md',
18 silly publish   gitHead: 'ce3f16d78de9f86754ee451f9231b4d03ef8a286',
18 silly publish   _id: 'pstracker@0.0.2',
18 silly publish   scripts: {},
18 silly publish   _shasum: '22db19cb0744a43a4d03b42d8abc23da0d0fdb62',
18 silly publish   _from: '.' }
19 silly mapToRegistry name pstracker
20 silly mapToRegistry using default registry
21 silly mapToRegistry registry https://registry.npmjs.org/
22 silly mapToRegistry uri https://registry.npmjs.org/pstracker
23 verbose publish registryBase https://registry.npmjs.org/
24 silly publish uploading /Users/joseph/.npm/pstracker/0.0.2/package.tgz
25 verbose request uri https://registry.npmjs.org/pstracker
26 verbose request sending authorization for write operation
27 info attempt registry request try #1 at 15:13:46
28 verbose request using bearer token for auth
29 verbose request id 6219723fdb37df92
30 http request PUT https://registry.npmjs.org/pstracker
31 http 403 https://registry.npmjs.org/pstracker
32 verbose headers { 'content-type': 'application/json',
32 verbose headers   'cache-control': 'max-age=60',
32 verbose headers   'content-length': '95',
32 verbose headers   'accept-ranges': 'bytes',
32 verbose headers   date: 'Sun, 28 Jun 2015 19:13:45 GMT',
32 verbose headers   via: '1.1 varnish',
32 verbose headers   connection: 'keep-alive',
32 verbose headers   'x-served-by': 'cache-iad2146-IAD',
32 verbose headers   'x-cache': 'MISS',
32 verbose headers   'x-cache-hits': '0',
32 verbose headers   'x-timer': 'S1435518825.223045,VS0,VE657' }
33 verbose request invalidating /Users/joseph/.npm/registry.npmjs.org/pstracker on PUT
34 error publish Failed PUT 403
35 verbose stack Error: "You cannot publish over the previously published version 0.0.2." : pstracker
35 verbose stack     at CachingRegistryClient.<anonymous> (/usr/local/lib/node_modules/npm/node_modules/npm-registry-client/lib/request.js:244:14)
35 verbose stack     at Request._callback (/usr/local/lib/node_modules/npm/node_modules/npm-registry-client/lib/request.js:172:14)
35 verbose stack     at Request.self.callback (/usr/local/lib/node_modules/npm/node_modules/request/request.js:373:22)
35 verbose stack     at Request.emit (events.js:98:17)
35 verbose stack     at Request.<anonymous> (/usr/local/lib/node_modules/npm/node_modules/request/request.js:1318:14)
35 verbose stack     at Request.emit (events.js:117:20)
35 verbose stack     at IncomingMessage.<anonymous> (/usr/local/lib/node_modules/npm/node_modules/request/request.js:1266:12)
35 verbose stack     at IncomingMessage.emit (events.js:117:20)
35 verbose stack     at _stream_readable.js:944:16
35 verbose stack     at process._tickCallback (node.js:442:13)
36 verbose statusCode 403
37 verbose pkgid pstracker
38 verbose cwd /Users/joseph/Documents/projects/hearthstone/pstracker
39 error Darwin 14.3.0
40 error argv "node" "/usr/local/bin/npm" "publish"
41 error node v0.10.35
42 error npm  v2.1.18
43 error code E403
44 error "You cannot publish over the previously published version 0.0.2." : pstracker
45 error If you need help, you may report this error at:
45 error     <http://github.com/npm/npm/issues>
46 verbose exit [ 1, true ]
